(SID:00000022) IN  0703: 
(SID:00000022) IN  0708: 30 39 38 66 36 62 63 64 34 36 32 31 64 33 37 33 63 61 64 65 34 65 38 33 32 36 32 37 62 34 66 36 74 65 73 74 00 
(SID:00000022) IN  0703: 
(SID:00000022) IN  0708: 30 39 38 66 36 62 63 64 34 36 32 31 64 33 37 33 63 61 64 65 34 65 38 33 32 36 32 37 62 34 66 36 74 65 73 74 00 
(SID:00000022) IN  0704: 01 00 00 00 
(SID:00000022) IN  070a: 01 00 00 00 03 
(SID:00000022) IN  0703: 
(SID:00000022) IN  0708: 30 39 38 66 36 62 63 64 34 36 32 31 64 33 37 33 63 61 64 65 34 65 38 33 32 36 32 37 62 34 66 36 74 65 73 74 00 
(SID:00000022) IN  0704: 01 00 00 00 
(SID:00000022) IN  0704: 02 00 00 00 
(SID:00000022) IN  0704: 02 00 00 00 
(SID:00000022) IN  0704: 02 00 00 00 
(SID:00000022) IN  0704: 02 00 00 00 
(SID:00000022) IN  0704: 02 00 00 00 
(SID:00000022) IN  070a: 02 00 00 00 03 
(SID:00000022) IN  0703: 
(SID:00000022) IN  0708: 30 39 38 66 36 62 63 64 34 36 32 31 64 33 37 33 63 61 64 65 34 65 38 33 32 36 32 37 62 34 66 36 74 65 73 74 00 
(SID:00000022) IN  0704: 02 00 00 00 
(SID:00000022) IN  0703: 
(SID:00000022) IN  0708: 30 39 38 66 36 62 63 64 34 36 32 31 64 33 37 33 63 61 64 65 34 65 38 33 32 36 32 37 62 34 66 36 74 65 73 74 00 
(SID:00000022) IN  0704: 02 00 00 00 
(SID:00000022) IN  0704: 02 00 00 00 
(SID:00000022) IN  0704: 02 00 00 00 
(SID:00000022) IN  0703: 
(SID:00000022) IN  0708: 30 39 38 66 36 62 63 64 34 36 32 31 64 33 37 33 63 61 64 65 34 65 38 33 32 36 32 37 62 34 66 36 74 65 73 74 00 
(SID:00000022) IN  0704: 02 00 00 00 
(SID:00000022) IN  0703: 
(SID:00000022) IN  0708: 30 39 38 66 36 62 63 64 34 36 32 31 64 33 37 33 63 61 64 65 34 65 38 33 32 36 32 37 62 34 66 36 74 65 73 74 00 
(SID:00000022) IN  0704: 02 00 00 00 
(SID:00000022) IN  0704: 02 00 00 00 
(SID:00000022) IN  0704: 02 00 00 00 
(SID:00000022) IN  0704: 02 00 00 00 
(SID:00000022) IN  0703: 
(SID:00000022) IN  0708: 30 39 38 66 36 62 63 64 34 36 32 31 64 33 37 33 63 61 64 65 34 65 38 33 32 36 32 37 62 34 66 36 74 65 73 74 00 
(SID:00000022) IN  0704: 02 00 00 00 
(SID:00000022) IN  0704: 02 00 00 00 
(SID:00000022) IN  0704: 02 00 00 00 
(SID:00000022) IN  0703: 
(SID:00000022) IN  0708: 30 39 38 66 36 62 63 64 34 36 32 31 64 33 37 33 63 61 64 65 34 65 38 33 32 36 32 37 62 34 66 36 74 65 73 74 00 
(SID:00000022) IN  0703: 
(SID:00000022) IN  0708: 30 39 38 66 36 62 63 64 34 36 32 31 64 33 37 33 63 61 64 65 34 65 38 33 32 36 32 37 62 34 66 36 74 65 73 74 00 
(SID:00000022) IN  0704: 02 00 00 00 
(SID:00000022) IN  0703: 
(SID:00000022) IN  0708: 30 39 38 66 36 62 63 64 34 36 32 31 64 33 37 33 63 61 64 65 34 65 38 33 32 36 32 37 62 34 66 36 74 65 73 74 00 
(SID:00000022) IN  0704: 02 00 00 00 
(SID:00000022) IN  070a: 02 00 00 00 03 
(SID:00000023) IN  070b: 02 00 00 00 30 39 38 66 36 62 63 64 34 36 32 31 64 33 37 33 63 61 64 65 34 65 38 33 32 36 32 37 62 34 66 36 
(SID:00000023) IN  0712: 
(SID:00000023) IN  0713: 00 00 00 01 00 04 00 74 65 73 74 00 
(SID:00000023) IN  0712: 
(SID:00000023) IN  0715: 00 00 00 74 65 73 74 00 
(SID:00000110) IN  070b: 02 00 00 00 30 39 38 66 36 62 63 64 34 36 32 31 64 33 37 33 63 61 64 65 34 65 38 33 32 36 32 37 62 34 66 36 
(SID:00000023) IN  07e0: 08 
(SID:00000023) IN  07e0: 0f 01 00 00 00 
(SID:00000023) IN  07e5: 03 
(SID:00000110) IN  0753: 01 01 00 
(SID:00000110) IN  079a: 00 00 c7 f1 01 49 0c a1 03 49 dd 00 
(SID:00000110) IN  079a: 00 00 cb f6 01 49 a9 a6 03 49 df 00 
(SID:00000110) IN  079a: 00 00 93 fd 01 49 da a8 03 49 e6 00 
(SID:00000110) IN  079a: 00 00 7b 02 02 49 e5 9c 03 49 f4 00 
(SID:00000110) IN  079a: 00 00 2b f3 01 49 38 70 03 49 05 01 
(SID:00000110) IN  079a: 00 00 00 e6 01 49 32 5e 03 49 1a 01 
(SID:00000110) IN  079a: 00 00 49 f6 01 49 f0 63 03 49 29 01 
(SID:00000110) IN  079a: 00 00 44 00 02 49 6d 66 03 49 33 01 
(SID:00000110) IN  079a: 00 00 06 11 02 49 d7 76 03 49 38 01 
(SID:00000110) IN  079a: 00 00 ee 1b 02 49 9f 86 03 49 36 01 
(SID:00000110) IN  079a: 00 00 98 22 02 49 a0 8d 03 49 30 01 
(SID:00000110) IN  079a: 00 00 5a 28 02 49 2c 91 03 49 29 01 
(SID:00000110) IN  079a: 00 00 0d 2e 02 49 d7 92 03 49 25 01 
(SID:00000110) IN  079a: 00 00 dc 32 02 49 7f 8a 03 49 23 01 
(SID:00000110) IN  079a: 00 00 c7 35 02 49 8e 7d 03 49 22 01 
(SID:00000110) IN  079a: 00 00 b8 39 02 49 13 77 03 49 2d 01 
(SID:00000110) IN  079a: 00 00 eb 3d 02 49 91 72 03 49 3b 01 
(SID:00000110) IN  079a: 00 00 ba 42 02 49 1c 6f 03 49 49 01 
(SID:00000110) IN  079a: 00 00 18 48 02 49 0e 6c 03 49 6f 01 
(SID:00000110) IN  079a: 00 00 76 4d 02 49 4a 69 03 49 9a 01 
(SID:00000110) IN  079a: 00 00 9d 52 02 49 d7 66 03 49 c4 01 
(SID:00000110) IN  079a: 00 00 89 57 02 49 8a 64 03 49 de 01 
(SID:00000110) IN  079a: 00 00 9b 5c 02 49 7b 62 03 49 f6 01 
(SID:00000110) IN  079a: 00 00 ab 61 02 49 55 60 03 49 0d 02 
(SID:00000110) IN  079a: 00 00 d6 66 02 49 19 5e 03 49 28 02 
(SID:00000110) IN  079a: 00 00 ea 6b 02 49 f3 5b 03 49 46 02 
(SID:00000110) IN  079a: 00 00 13 71 02 49 a7 59 03 49 67 02 
(SID:00000110) IN  079a: 00 00 49 76 02 49 67 57 03 49 91 02 
(SID:00000110) IN  079a: 00 00 92 7b 02 49 ec 54 03 49 c1 02 
(SID:00000110) IN  079a: 00 00 fb 80 02 49 91 52 03 49 ed 02 
(SID:00000110) IN  079a: 00 00 b2 85 02 49 73 50 03 49 02 03 
(SID:00000110) IN  079a: 00 00 7f 8a 02 49 68 4e 03 49 10 03 
(SID:00000110) IN  079a: 00 00 fa 8e 02 49 80 4c 03 49 1d 03 
(SID:00000110) IN  079a: 00 00 f1 85 02 49 9c 34 03 49 25 03 
(SID:00000110) IN  079a: 00 00 66 74 02 49 17 1f 03 49 2a 03 
(SID:00000110) IN  079a: 00 00 c2 6a 02 49 48 14 03 49 2d 03 
(SID:00000110) IN  079a: 00 00 df 65 02 49 66 0c 03 49 2f 03 
(SID:00000110) IN  079a: 00 00 90 66 02 49 cc 11 03 49 47 03 
(SID:00000110) IN  079a: 00 00 90 66 02 49 cc 11 03 49 47 03 
(SID:00000110) IN  0771: ad 62 02 49 9a 15 03 49 44 03 
(SID:00000110) IN  0771: ad 62 02 49 9a 15 03 49 44 03 
(SID:00000110) IN  079a: 00 00 c6 63 02 49 34 2f 03 49 44 03 
(SID:00000110) IN  079a: 00 00 91 5b 02 49 be 36 03 49 33 03 
(SID:00000110) IN  079a: 00 00 90 3e 02 49 1e d2 02 49 3f 03 
(SID:00000110) IN  079a: 00 00 da 67 02 49 23 df 02 49 1f 03 
(SID:00000110) IN  0798: 4a 0d 
(SID:00000110) IN  079a: 00 00 26 5f 02 49 34 b0 02 49 31 03 
(SID:00000110) IN  0798: 4a 0d 
(SID:00000110) IN  079a: de 5a 92 6a 02 49 07 bc 02 49 74 03 
(SID:00000110) IN  07a7: de 5a 
(SID:00000110) IN  0798: 4b 0d 
(SID:00000110) IN  079a: 00 00 09 4a 02 49 cd a1 02 49 7f 03 
(SID:00000110) IN  0798: 4b 0d 
(SID:00000110) IN  079a: 00 00 a8 51 02 49 ff b6 02 49 50 03 
(SID:00000110) IN  079a: df 5a 5d 4e 02 49 21 b4 02 49 38 03 
(SID:00000110) IN  07a7: df 5a 
(SID:00000110) IN  079a: 00 00 23 4a 02 49 67 ba 02 49 37 03 
(SID:00000110) IN  0782: 01 
(SID:00000110) IN  079f: dd 5a 
(SID:00000110) IN  0782: 01 
(SID:00000110) IN  079a: 00 00 e0 43 02 49 1e b7 02 49 22 03 
(SID:00000110) IN  079a: 00 00 0e 34 02 49 30 a3 02 49 fd 02 
(SID:00000110) IN  079a: 00 00 3c 2e 02 49 4b 89 02 49 e7 02 
(SID:00000110) IN  0707: 
(SID:00000022) IN  0703: 
(SID:00000022) IN  0708: 30 39 38 66 36 62 63 64 34 36 32 31 64 33 37 33 63 61 64 65 34 65 38 33 32 36 32 37 62 34 66 36 74 65 73 74 00 
(SID:00000022) IN  0704: 02 00 00 00 
(SID:00000022) IN  070a: 02 00 00 00 03 
(SID:00000023) IN  070b: 02 00 00 00 30 39 38 66 36 62 63 64 34 36 32 31 64 33 37 33 63 61 64 65 34 65 38 33 32 36 32 37 62 34 66 36 
(SID:00000023) IN  0712: 
(SID:00000023) IN  0715: 00 00 00 74 65 73 74 00 
(SID:00000110) IN  070b: 02 00 00 00 30 39 38 66 36 62 63 64 34 36 32 31 64 33 37 33 63 61 64 65 34 65 38 33 32 36 32 37 62 34 66 36 
(SID:00000023) IN  07e0: 08 
(SID:00000023) IN  07e0: 0f 01 00 00 00 
(SID:00000023) IN  07e5: 03 
(SID:00000110) IN  0753: 01 01 00 
(SID:00000110) IN  079a: 00 00 ab 28 02 49 3e 6b 03 49 dd 00 
(SID:00000110) IN  079a: 00 00 45 49 02 49 e5 50 03 49 df 02 
(SID:00000110) IN  0782: 01 
(SID:00000110) IN  079f: dd 5a 
(SID:00000110) IN  0782: 01 
(SID:00000110) IN  079a: 60 00 a3 1e 02 49 7a 32 03 49 33 03 
(SID:00000110) IN  079a: 60 00 a3 1e 02 49 7a 32 03 49 33 03 
(SID:00000110) IN  079a: 60 00 a3 1e 02 49 7a 32 03 49 f3 02 
(SID:00000110) IN  079a: 60 00 a3 1e 02 49 7a 32 03 49 f4 02 
(SID:00000110) IN  0730: 03 00 d7 61 bd d7 
(SID:00000110) IN  079a: 5f 00 ae 5d 02 49 2c b3 03 49 f5 02 
(SID:00000110) IN  079a: 5f 00 ae 5d 02 49 2c b3 03 49 ec 02 
(SID:00000110) IN  079a: 5f 00 ae 5d 02 49 2c b3 03 49 f6 02 
(SID:00000110) IN  079a: 00 00 11 92 02 49 14 80 03 49 c5 02 
(SID:00000110) IN  079a: 00 00 b3 88 02 49 02 5a 03 49 d9 02 
(SID:00000110) IN  079a: 00 00 84 83 02 49 79 fa 02 49 ec 02 
(SID:00000110) IN  079a: 00 00 9b 8b 02 49 25 fd 02 49 c3 02 
(SID:00000110) IN  079a: 00 00 43 92 02 49 6b d9 02 49 39 03 
(SID:00000110) IN  0798: 55 0d 
(SID:00000110) IN  079a: de 5a c9 71 02 49 bc af 02 49 c7 03 
(SID:00000110) IN  07a7: de 5a 
(SID:00000110) IN  07a5: 02 00 0c 00 
(SID:00000110) IN  0707: 
(SID:00000022) IN  0703: 
(SID:00000022) IN  0708: 30 39 38 66 36 62 63 64 34 36 32 31 64 33 37 33 63 61 64 65 34 65 38 33 32 36 32 37 62 34 66 36 74 65 73 74 00 
(SID:00000022) IN  0703: 
(SID:00000022) IN  0708: 30 39 38 66 36 62 63 64 34 36 32 31 64 33 37 33 63 61 64 65 34 65 38 33 32 36 32 37 62 34 66 36 74 65 73 74 00 
(SID:00000022) IN  0703: 
(SID:00000022) IN  0708: 30 39 38 66 36 62 63 64 34 36 32 31 64 33 37 33 63 61 64 65 34 65 38 33 32 36 32 37 62 34 66 36 74 65 73 74 00 
(SID:00000022) IN  0703: 
(SID:00000022) IN  0708: 30 39 38 66 36 62 63 64 34 36 32 31 64 33 37 33 63 61 64 65 34 65 38 33 32 36 32 37 62 34 66 36 74 65 73 74 00 
(SID:00000022) IN  0703: 
(SID:00000022) IN  0708: 30 39 38 66 36 62 63 64 34 36 32 31 64 33 37 33 63 61 64 65 34 65 38 33 32 36 32 37 62 34 66 36 74 65 73 74 00 
(SID:00000022) IN  0703: 
(SID:00000022) IN  0708: 30 39 38 66 36 62 63 64 34 36 32 31 64 33 37 33 63 61 64 65 34 65 38 33 32 36 32 37 62 34 66 36 74 65 73 74 00 
(SID:00000022) IN  0704: 02 00 00 00 
(SID:00000022) IN  070a: 02 00 00 00 03 
(SID:00000023) IN  070b: 02 00 00 00 30 39 38 66 36 62 63 64 34 36 32 31 64 33 37 33 63 61 64 65 34 65 38 33 32 36 32 37 62 34 66 36 
(SID:00000023) IN  0712: 
(SID:00000023) IN  0715: 00 00 00 74 65 73 74 00 
(SID:00000110) IN  070b: 02 00 00 00 30 39 38 66 36 62 63 64 34 36 32 31 64 33 37 33 63 61 64 65 34 65 38 33 32 36 32 37 62 34 66 36 
(SID:00000023) IN  07e0: 08 
(SID:00000023) IN  07e0: 0f 01 00 00 00 
(SID:00000023) IN  07e5: 03 
(SID:00000110) IN  0753: 01 01 00 
(SID:00000110) IN  079a: 00 00 11 21 02 49 69 6e 03 49 dd 00 
(SID:00000110) IN  0782: 01 
(SID:00000110) IN  079f: dd 5a 
(SID:00000110) IN  0782: 01 
(SID:00000110) IN  079a: 00 00 3d 3a 02 49 aa 3a 03 49 9b 02 
(SID:00000110) IN  079a: 00 00 a5 2f 02 49 57 a9 02 49 18 03 
(SID:00000110) IN  0798: 4c 0d 
(SID:00000110) IN  079a: de 5a a5 17 02 49 1a 97 02 49 2b 03 
(SID:00000110) IN  07a7: de 5a 
(SID:00000110) IN  0798: 55 0d 
(SID:00000110) IN  079a: 4c 0d 66 19 02 49 34 6b 02 49 bb 03 
(SID:00000110) IN  07a7: 4c 0d 
(SID:00000110) IN  0798: 4e 0d 
(SID:00000110) IN  079a: de 5a b8 fb 01 49 21 51 02 49 18 04 
(SID:00000110) IN  07a7: de 5a 
(SID:00000110) IN  079a: 00 00 53 16 02 49 34 6f 02 49 53 04 
(SID:00000110) IN  0707: 
(SID:00000022) IN  0703: 
(SID:00000022) IN  0708: 30 39 38 66 36 62 63 64 34 36 32 31 64 33 37 33 63 61 64 65 34 65 38 33 32 36 32 37 62 34 66 36 74 65 73 74 00 
(SID:00000022) IN  0704: 02 00 00 00 
(SID:00000022) IN  070a: 02 00 00 00 03 
(SID:00000023) IN  070b: 02 00 00 00 30 39 38 66 36 62 63 64 34 36 32 31 64 33 37 33 63 61 64 65 34 65 38 33 32 36 32 37 62 34 66 36 
(SID:00000023) IN  0712: 
(SID:00000023) IN  0715: 00 00 00 74 65 73 74 00 
(SID:00000110) IN  070b: 02 00 00 00 30 39 38 66 36 62 63 64 34 36 32 31 64 33 37 33 63 61 64 65 34 65 38 33 32 36 32 37 62 34 66 36 
(SID:00000023) IN  07e0: 08 
(SID:00000023) IN  07e0: 0f 02 00 00 00 
(SID:00000023) IN  07e5: 03 
(SID:00000110) IN  0753: 01 02 00 
(SID:00000110) IN  079a: 00 00 47 22 02 49 ee 7f 03 49 dd 00 
(SID:00000110) IN  079a: 00 00 ec 30 02 49 2b 3f 03 49 4c 01 
(SID:00000110) IN  0798: 54 0d 
(SID:00000110) IN  079a: de 5a 25 26 02 49 a3 ba 02 49 69 02 
(SID:00000110) IN  07a7: de 5a 
(SID:00000110) IN  0707: 
(SID:00000022) IN  0703: 
(SID:00000022) IN  0708: 30 39 38 66 36 62 63 64 34 36 32 31 64 33 37 33 63 61 64 65 34 65 38 33 32 36 32 37 62 34 66 36 74 65 73 74 00 
(SID:00000022) IN  0704: 02 00 00 00 
(SID:00000022) IN  070a: 02 00 00 00 03 
(SID:00000023) IN  070b: 02 00 00 00 30 39 38 66 36 62 63 64 34 36 32 31 64 33 37 33 63 61 64 65 34 65 38 33 32 36 32 37 62 34 66 36 
(SID:00000023) IN  0712: 
(SID:00000023) IN  0715: 00 00 00 74 65 73 74 00 
(SID:00000110) IN  070b: 02 00 00 00 30 39 38 66 36 62 63 64 34 36 32 31 64 33 37 33 63 61 64 65 34 65 38 33 32 36 32 37 62 34 66 36 
(SID:00000023) IN  07e0: 08 
(SID:00000023) IN  07e0: 0f 02 00 00 00 
(SID:00000023) IN  07e5: 03 
(SID:00000110) IN  0753: 01 02 00 
(SID:00000110) IN  079a: 00 00 6a 39 02 49 f1 78 03 49 dd 00 
(SID:00000110) IN  0798: 5c 0d 
(SID:00000110) IN  0798: 9e 0d 
(SID:00000110) IN  079a: 00 00 c6 24 03 49 d8 ff 02 49 2e 03 
(SID:00000110) IN  079a: 00 00 2e 12 03 49 32 09 03 49 fc 02 
(SID:00000110) IN  079a: 00 00 51 11 03 49 d0 09 03 49 ed 02 
(SID:00000110) IN  079a: 00 00 41 19 03 49 31 05 03 49 a4 02 
(SID:00000110) IN  079a: 00 00 84 17 03 49 2a 06 03 49 9f 02 
(SID:00000110) IN  0798: 9e 0d 
(SID:00000110) IN  0707: 
(SID:00000022) IN  0703: 
(SID:00000022) IN  0708: 30 39 38 66 36 62 63 64 34 36 32 31 64 33 37 33 63 61 64 65 34 65 38 33 32 36 32 37 62 34 66 36 74 65 73 74 00 
(SID:00000022) IN  0704: 02 00 00 00 
(SID:00000022) IN  070a: 02 00 00 00 03 
(SID:00000023) IN  070b: 02 00 00 00 30 39 38 66 36 62 63 64 34 36 32 31 64 33 37 33 63 61 64 65 34 65 38 33 32 36 32 37 62 34 66 36 
(SID:00000023) IN  0712: 
(SID:00000023) IN  0715: 00 00 00 74 65 73 74 00 
(SID:00000110) IN  070b: 02 00 00 00 30 39 38 66 36 62 63 64 34 36 32 31 64 33 37 33 63 61 64 65 34 65 38 33 32 36 32 37 62 34 66 36 
(SID:00000023) IN  07e0: 08 
(SID:00000023) IN  07e0: 0f 02 00 00 00 
(SID:00000023) IN  07e5: 03 
(SID:00000110) IN  0753: 01 02 00 
(SID:00000110) IN  079a: 00 00 e4 2d 02 49 49 7d 03 49 dd 00 
(SID:00000110) IN  0798: 5d 0d 
(SID:00000110) IN  079a: de 5a 86 4a 03 49 63 d7 02 49 a0 03 
(SID:00000110) IN  07a7: de 5a 
(SID:00000110) IN  079a: 00 00 5f 3a 03 49 80 e9 02 49 b7 03 
(SID:00000110) IN  0707: 
(SID:00000022) IN  0703: 
(SID:00000022) IN  0708: 30 39 38 66 36 62 63 64 34 36 32 31 64 33 37 33 63 61 64 65 34 65 38 33 32 36 32 37 62 34 66 36 74 65 73 74 00 
(SID:00000022) IN  0704: 02 00 00 00 
(SID:00000022) IN  070a: 02 00 00 00 03 
(SID:00000023) IN  070b: 02 00 00 00 30 39 38 66 36 62 63 64 34 36 32 31 64 33 37 33 63 61 64 65 34 65 38 33 32 36 32 37 62 34 66 36 
(SID:00000023) IN  0712: 
(SID:00000023) IN  0715: 00 00 00 74 65 73 74 00 
(SID:00000110) IN  070b: 02 00 00 00 30 39 38 66 36 62 63 64 34 36 32 31 64 33 37 33 63 61 64 65 34 65 38 33 32 36 32 37 62 34 66 36 
(SID:00000023) IN  07e0: 08 
(SID:00000023) IN  07e0: 0f 03 00 00 00 
(SID:00000023) IN  07e5: 03 
(SID:00000110) IN  0753: 01 03 00 
(SID:00000110) IN  079a: 00 00 4d 40 02 49 15 55 03 49 dd 00 
(SID:00000110) IN  079a: 00 00 fb 8e 02 49 85 26 03 49 24 03 
(SID:00000110) IN  079a: 00 00 7a 93 02 49 fb 23 03 49 2e 03 
(SID:00000110) IN  079a: 00 00 16 98 02 49 3f 21 03 49 3e 03 
(SID:00000110) IN  079a: 00 00 fc 9c 02 49 75 1e 03 49 51 03 
(SID:00000110) IN  0798: 9c 0d 
(SID:00000110) IN  079a: de 5a 7d 92 02 49 8e 29 03 49 cd 02 
(SID:00000110) IN  07a7: de 5a 
(SID:00000110) IN  079a: 00 00 72 d1 02 49 cb cf 02 49 cf 02 
(SID:00000110) IN  079a: 00 00 42 78 02 49 48 d7 02 49 f5 02 
(SID:00000110) IN  079a: 00 00 c5 7b 02 49 ae be 02 49 5b 03 
(SID:00000110) IN  0798: 58 0d 
(SID:00000110) IN  079a: df 5a dd 69 02 49 71 9a 02 49 b8 03 
(SID:00000110) IN  07a7: df 5a 
(SID:00000110) IN  0707: 
(SID:00000022) IN  0703: 
(SID:00000022) IN  0708: 30 39 38 66 36 62 63 64 34 36 32 31 64 33 37 33 63 61 64 65 34 65 38 33 32 36 32 37 62 34 66 36 74 65 73 74 00 
(SID:00000022) IN  0704: 02 00 00 00 
(SID:00000022) IN  070a: 02 00 00 00 03 
(SID:00000023) IN  070b: 02 00 00 00 30 39 38 66 36 62 63 64 34 36 32 31 64 33 37 33 63 61 64 65 34 65 38 33 32 36 32 37 62 34 66 36 
(SID:00000023) IN  0712: 
(SID:00000022) IN  0703: 
(SID:00000022) IN  0708: 30 39 38 66 36 62 63 64 34 36 32 31 64 33 37 33 63 61 64 65 34 65 38 33 32 36 32 37 62 34 66 36 74 65 73 74 00 
(SID:00000022) IN  0704: 02 00 00 00 
(SID:00000022) IN  070a: 02 00 00 00 03 
(SID:00000023) IN  070b: 02 00 00 00 30 39 38 66 36 62 63 64 34 36 32 31 64 33 37 33 63 61 64 65 34 65 38 33 32 36 32 37 62 34 66 36 
(SID:00000023) IN  0712: 
(SID:00000023) IN  0715: 00 00 00 74 65 73 74 00 
(SID:00000110) IN  070b: 02 00 00 00 30 39 38 66 36 62 63 64 34 36 32 31 64 33 37 33 63 61 64 65 34 65 38 33 32 36 32 37 62 34 66 36 
(SID:00000023) IN  07e0: 08 
(SID:00000023) IN  07e0: 0f 03 00 00 00 
(SID:00000023) IN  07e5: 03 
(SID:00000110) IN  0753: 01 03 00 
(SID:00000110) IN  079a: 00 00 52 28 02 49 f2 7c 03 49 dd 00 
(SID:00000110) IN  079a: 00 00 ff 39 02 49 0f 75 03 49 f8 00 
(SID:00000110) IN  079a: 00 00 0c 36 02 49 78 d5 02 49 10 03 
(SID:00000110) IN  079a: 00 00 81 1c 02 49 ec a6 02 49 64 02 
(SID:00000110) IN  0798: 4d 0d 
(SID:00000110) IN  079a: de 5a cb 15 02 49 53 a3 02 49 ef 02 
(SID:00000110) IN  07a7: de 5a 
(SID:00000110) IN  07a4: 00 c9 03 00 00 
(SID:00000110) IN  079a: df 5a 71 12 02 49 ea 9b 02 49 f3 02 
(SID:00000110) IN  07a7: df 5a 
(SID:00000110) IN  0707: 
(SID:00000022) IN  0703: 
(SID:00000022) IN  0708: 30 39 38 66 36 62 63 64 34 36 32 31 64 33 37 33 63 61 64 65 34 65 38 33 32 36 32 37 62 34 66 36 74 65 73 74 00 
(SID:00000022) IN  0704: 02 00 00 00 
(SID:00000022) IN  070a: 02 00 00 00 03 
(SID:00000023) IN  070b: 02 00 00 00 30 39 38 66 36 62 63 64 34 36 32 31 64 33 37 33 63 61 64 65 34 65 38 33 32 36 32 37 62 34 66 36 
(SID:00000023) IN  0712: 
(SID:00000023) IN  0715: 00 00 00 74 65 73 74 00 
(SID:00000110) IN  070b: 02 00 00 00 30 39 38 66 36 62 63 64 34 36 32 31 64 33 37 33 63 61 64 65 34 65 38 33 32 36 32 37 62 34 66 36 
(SID:00000023) IN  07e0: 08 
(SID:00000023) IN  07e0: 0f 03 00 00 00 
(SID:00000023) IN  07e5: 03 
(SID:00000110) IN  0753: 01 03 00 
(SID:00000110) IN  079a: 00 00 bc 3a 02 49 c3 67 03 49 dd 00 
(SID:00000110) IN  079a: 00 00 06 81 02 49 41 5f 03 49 e7 02 
(SID:00000110) IN  079a: 00 00 29 86 02 49 de 5d 03 49 02 03 
(SID:00000110) IN  079a: 00 00 d0 8a 02 49 fc 5c 03 49 0f 03 
(SID:00000110) IN  079a: 00 00 0e 90 02 49 9e 5c 03 49 1c 03 
(SID:00000110) IN  079a: 00 00 54 95 02 49 09 5c 03 49 26 03 
(SID:00000110) IN  079a: 00 00 0d 9a 02 49 16 5a 03 49 2b 03 
(SID:00000110) IN  079a: 00 00 e2 7a 02 49 2a 25 03 49 1f 03 
(SID:00000110) IN  079a: 00 00 e0 9c 02 49 ed e5 02 49 1f 03 
(SID:00000110) IN  0798: 56 0d 
(SID:00000110) IN  079a: de 5a 6d 80 02 49 52 73 02 49 8e 03 
(SID:00000110) IN  07a7: de 5a 
(SID:00000110) IN  0798: 4e 0d 
(SID:00000110) IN  079a: df 5a c8 6e 02 49 6c 66 02 49 70 03 
(SID:00000110) IN  07a7: df 5a 
(SID:00000110) IN  0707: 
(SID:00000022) IN  0703: 
(SID:00000022) IN  0708: 30 39 38 66 36 62 63 64 34 36 32 31 64 33 37 33 63 61 64 65 34 65 38 33 32 36 32 37 62 34 66 36 74 65 73 74 00 
(SID:00000022) IN  0704: 02 00 00 00 
(SID:00000022) IN  070a: 02 00 00 00 03 
(SID:00000023) IN  070b: 02 00 00 00 30 39 38 66 36 62 63 64 34 36 32 31 64 33 37 33 63 61 64 65 34 65 38 33 32 36 32 37 62 34 66 36 
(SID:00000023) IN  0712: 
(SID:00000023) IN  0715: 00 00 00 74 65 73 74 00 
(SID:00000110) IN  070b: 02 00 00 00 30 39 38 66 36 62 63 64 34 36 32 31 64 33 37 33 63 61 64 65 34 65 38 33 32 36 32 37 62 34 66 36 
(SID:00000023) IN  07e0: 08 
(SID:00000023) IN  07e0: 0f 03 00 00 00 
(SID:00000023) IN  07e5: 03 
(SID:00000110) IN  0753: 01 03 00 
(SID:00000110) IN  0798: 6e 0d 
(SID:00000110) IN  0798: 62 0d 
(SID:00000110) IN  079a: de 5a ec cb 02 49 d6 ab 02 49 21 03 
(SID:00000110) IN  07a7: de 5a 
(SID:00000110) IN  0707: 
(SID:00000022) IN  0703: 
(SID:00000022) IN  0708: 30 39 38 66 36 62 63 64 34 36 32 31 64 33 37 33 63 61 64 65 34 65 38 33 32 36 32 37 62 34 66 36 74 65 73 74 00 
(SID:00000022) IN  0703: 
(SID:00000022) IN  0708: 30 39 38 66 36 62 63 64 34 36 32 31 64 33 37 33 63 61 64 65 34 65 38 33 32 36 32 37 62 34 66 36 74 65 73 74 00 
(SID:00000022) IN  0704: 02 00 00 00 
(SID:00000022) IN  070a: 02 00 00 00 03 
(SID:00000023) IN  070b: 02 00 00 00 30 39 38 66 36 62 63 64 34 36 32 31 64 33 37 33 63 61 64 65 34 65 38 33 32 36 32 37 62 34 66 36 
(SID:00000023) IN  0712: 
(SID:00000023) IN  0713: 00 00 00 01 00 04 00 74 65 73 74 00 
(SID:00000023) IN  0712: 
(SID:00000023) IN  0715: 00 00 00 74 65 73 74 00 
(SID:00000110) IN  070b: 02 00 00 00 30 39 38 66 36 62 63 64 34 36 32 31 64 33 37 33 63 61 64 65 34 65 38 33 32 36 32 37 62 34 66 36 
(SID:00000023) IN  07e0: 08 
(SID:00000023) IN  07e0: 0f 01 00 00 00 
(SID:00000023) IN  07e5: 03 
(SID:00000110) IN  0753: 01 01 00 
(SID:00000110) IN  079a: 00 00 40 ed 01 49 ad 84 03 49 dd 00 
(SID:00000110) IN  079a: 00 00 d5 ec 01 49 c8 83 03 49 dd 00 
(SID:00000110) IN  079a: 00 00 ab ec 01 49 72 83 03 49 dd 00 
(SID:00000110) IN  079a: 00 00 9a ec 01 49 4e 83 03 49 dd 00 
(SID:00000110) IN  079a: 00 00 94 ec 01 49 42 83 03 49 dd 00 
(SID:00000110) IN  079a: 00 00 93 ec 01 49 3e 83 03 49 dd 00 
(SID:00000110) IN  079a: 00 00 93 ec 01 49 3f 83 03 49 dd 00 
(SID:00000110) IN  079a: 00 00 da ee 01 49 1b 82 03 49 e0 00 
(SID:00000110) IN  079a: 00 00 d0 0f 02 49 67 71 03 49 3c 01 
(SID:00000110) IN  079a: 00 00 c2 14 02 49 dc 6e 03 49 3b 01 
(SID:00000110) IN  079a: 00 00 33 56 02 49 53 4d 03 49 13 02 
(SID:00000110) IN  079a: 00 00 1b 5b 02 49 cc 4a 03 49 29 02 
(SID:00000110) IN  079a: 00 00 e3 5f 02 49 5d 48 03 49 36 02 
(SID:00000110) IN  079a: 00 00 f0 64 02 49 bc 45 03 49 53 02 
(SID:00000110) IN  079a: 00 00 ba 66 02 49 c3 48 03 49 58 02 
(SID:00000110) IN  079a: 00 00 5e 6e 02 49 11 6a 03 49 58 02 
(SID:00000110) IN  079a: 00 00 81 68 02 49 11 6d 03 49 57 02 
(SID:00000110) IN  079a: 00 00 24 5b 02 49 b0 38 03 49 57 02 
(SID:00000110) IN  079a: 00 00 5e 3a 02 49 8a 1d 03 49 58 02 
(SID:00000110) IN  079a: 00 00 b1 30 02 49 9c 19 03 49 58 02 
(SID:00000110) IN  079a: 00 00 dc 2c 02 49 64 18 03 49 58 02 
(SID:00000110) IN  079a: 00 00 cb 47 02 49 1c 25 03 49 58 02 
(SID:00000110) IN  079a: 00 00 5f 5a 02 49 84 36 03 49 58 02 
(SID:00000110) IN  079a: 00 00 bd 5f 02 49 fc 3d 03 49 57 02 
(SID:00000110) IN  079a: 00 00 9f 61 02 49 0c 41 03 49 57 02 
(SID:00000110) IN  079a: 00 00 4a 62 02 49 32 42 03 49 58 02 
(SID:00000110) IN  079a: 00 00 4b 4b 02 49 9d 50 03 49 58 02 
(SID:00000110) IN  079a: 00 00 09 41 02 49 fe e4 02 49 63 02 
(SID:00000110) IN  079a: 00 00 3a 4f 02 49 51 bd 02 49 9c 02 
(SID:00000110) IN  0798: 57 0d 
(SID:00000110) IN  0798: 57 0d 
(SID:00000110) IN  079a: de 5a bd 22 02 49 ca 9d 02 49 45 03 
(SID:00000110) IN  07a7: de 5a 
(SID:00000110) IN  0782: 01 
(SID:00000110) IN  079f: dd 5a 
(SID:00000110) IN  0782: 01 
(SID:00000110) IN  079a: 00 00 6c 2c 02 49 1f 95 02 49 4c 03 
(SID:00000110) IN  0782: 01 
(SID:00000110) IN  079a: 00 00 cb 28 02 49 72 8e 02 49 4c 03 
(SID:00000110) IN  0798: 50 0d 
(SID:00000110) IN  079a: df 5a 03 33 02 49 38 7c 02 49 6e 03 
(SID:00000110) IN  07a7: df 5a 
(SID:00000110) IN  0798: 49 0d 
(SID:00000110) IN  07c3: 
(SID:00000110) IN  0755: 01 
(SID:00000110) IN  0753: 01 0d 03 
(SID:00000110) IN  0782: 01 
(SID:00000110) IN  079f: 57 0d 
(SID:00000110) IN  0707: 
(SID:00000022) IN  0703: 
(SID:00000022) IN  0708: 30 39 38 66 36 62 63 64 34 36 32 31 64 33 37 33 63 61 64 65 34 65 38 33 32 36 32 37 62 34 66 36 74 65 73 74 00 
(SID:00000022) IN  0704: 02 00 00 00 
(SID:00000022) IN  070a: 02 00 00 00 03 
(SID:00000023) IN  070b: 02 00 00 00 30 39 38 66 36 62 63 64 34 36 32 31 64 33 37 33 63 61 64 65 34 65 38 33 32 36 32 37 62 34 66 36 
(SID:00000023) IN  0712: 
(SID:00000023) IN  0715: 00 00 00 74 65 73 74 00 
(SID:00000110) IN  070b: 02 00 00 00 30 39 38 66 36 62 63 64 34 36 32 31 64 33 37 33 63 61 64 65 34 65 38 33 32 36 32 37 62 34 66 36 
(SID:00000023) IN  07e0: 08 
(SID:00000023) IN  07e0: 0f 01 00 00 00 
(SID:00000023) IN  07e5: 03 
(SID:00000110) IN  0753: 01 01 00 
(SID:00000110) IN  0782: 01 
(SID:00000110) IN  079f: dd 5a 
(SID:00000110) IN  0782: 01 
(SID:00000110) IN  079a: 00 00 26 11 02 49 45 7d 03 49 d7 00 
(SID:00000110) IN  079a: 00 00 d9 3e 02 49 64 4f 03 49 e0 00 
(SID:00000110) IN  0798: 59 0d 
(SID:00000110) IN  079a: de 5a 77 33 02 49 3c bb 02 49 ae 02 
(SID:00000110) IN  07a7: de 5a 
(SID:00000110) IN  079a: 00 00 50 24 02 49 d6 fb 02 49 b5 02 
(SID:00000110) IN  079a: 00 00 91 0b 02 49 68 fd 02 49 55 02 
(SID:00000110) IN  079a: 00 00 8b 27 02 49 49 dc 02 49 9e 02 
(SID:00000110) IN  0798: 50 0d 
(SID:00000110) IN  079a: df 5a a4 77 02 49 6e c7 02 49 6e 03 
(SID:00000110) IN  07a7: df 5a 
(SID:00000110) IN  079a: 60 00 a3 1e 02 49 7a 32 03 49 a4 03 
(SID:00000110) IN  079a: 60 00 a3 1e 02 49 7a 32 03 49 9c 03 
(SID:00000110) IN  079a: 00 00 e8 5e 02 49 b7 f7 02 49 df 02 
(SID:00000110) IN  079a: 00 00 49 ac 02 49 34 b4 01 49 07 03 
(SID:00000110) IN  079a: 00 00 90 28 03 49 f2 a4 00 49 ed 04 
(SID:00000110) IN  079a: 00 00 90 28 03 49 f2 a4 00 49 ed 04 
(SID:00000110) IN  079a: 00 00 be 06 03 49 20 28 00 49 71 05 
(SID:00000110) IN  079a: 00 00 0c 1a 03 49 d2 61 fd 48 d9 05 
(SID:00000110) IN  0798: 08 0e 
(SID:00000110) IN  079a: 50 0d 12 0f 03 49 c5 77 ff 48 60 06 
(SID:00000110) IN  07a7: 50 0d 
(SID:00000110) IN  079a: 00 00 96 06 03 49 37 b9 fe 48 74 06 
(SID:00000110) IN  079a: 00 00 0c f7 02 49 3f b7 fb 48 6b 06 
(SID:00000110) IN  079a: 00 00 23 cd 02 49 19 61 f4 48 da 09 
(SID:00000110) IN  079a: 00 00 96 e1 02 49 07 ef f5 48 59 0a 
(SID:00000110) IN  079a: 00 00 33 5d 02 49 82 a4 f3 48 5b 08 
(SID:00000110) IN  079a: 00 00 c0 4a 02 49 84 b7 f3 48 43 08 
(SID:00000110) IN  079a: 00 00 97 46 02 49 8f bc f3 48 38 08 
(SID:00000110) IN  079a: 00 00 56 45 02 49 6f ae f3 48 d6 08 
(SID:00000110) IN  079a: 00 00 5f ca 01 49 4d 83 f0 48 5f 09 
(SID:00000110) IN  0771: b5 4a 02 49 9b e5 f3 48 6b 09 
(SID:00000110) IN  079a: 00 00 98 56 02 49 3d 96 f3 48 6b 09 
(SID:00000110) IN  0771: b5 4a 02 49 9b e5 f3 48 6b 09 
(SID:00000110) IN  079a: 00 00 54 69 02 49 eb 9e f3 48 6b 09 
(SID:00000110) IN  0771: b5 4a 02 49 9b e5 f3 48 6b 09 
(SID:00000110) IN  079a: 00 00 fd 5f 02 49 0f c2 f3 48 6b 09 
(SID:00000110) IN  0771: b5 4a 02 49 9b e5 f3 48 6b 09 
(SID:00000110) IN  079a: 00 00 58 5e 02 49 94 cf f3 48 6b 09 
(SID:00000110) IN  079a: 00 00 4d 7a 02 49 d5 57 f4 48 60 09 
(SID:00000110) IN  079a: 00 00 f5 a8 02 49 93 87 f5 48 60 09 
(SID:00000110) IN  079a: 00 00 89 c6 02 49 91 5c f5 48 4f 09 
(SID:00000110) IN  079a: 00 00 6a af 02 49 f5 c6 f5 48 7b 08 
(SID:00000110) IN  071c: 
(SID:00000023) IN  0712: 
(SID:00000022) IN  0703: 
(SID:00000022) IN  0708: 30 39 38 66 36 62 63 64 34 36 32 31 64 33 37 33 63 61 64 65 34 65 38 33 32 36 32 37 62 34 66 36 74 65 73 74 00 
(SID:00000022) IN  0704: 02 00 00 00 
(SID:00000022) IN  070a: 02 00 00 00 03 
(SID:00000023) IN  070b: 02 00 00 00 30 39 38 66 36 62 63 64 34 36 32 31 64 33 37 33 63 61 64 65 34 65 38 33 32 36 32 37 62 34 66 36 
(SID:00000023) IN  0712: 
(SID:00000023) IN  0715: 00 00 00 74 65 73 74 00 
(SID:00000110) IN  070b: 02 00 00 00 30 39 38 66 36 62 63 64 34 36 32 31 64 33 37 33 63 61 64 65 34 65 38 33 32 36 32 37 62 34 66 36 
(SID:00000023) IN  07e0: 08 
(SID:00000023) IN  07e0: 0f 0c 00 00 00 
(SID:00000023) IN  07e5: 03 
(SID:00000110) IN  0753: 01 0c 00 
(SID:00000110) IN  079a: 00 00 7d 47 02 49 bc 4e 03 49 dd 00 
(SID:00000110) IN  0798: 59 0d 
(SID:00000110) IN  079a: de 5a c9 5a 02 49 75 ae 02 49 04 03 
(SID:00000110) IN  07a7: de 5a 
(SID:00000110) IN  0798: 9f 0d 
(SID:00000110) IN  079a: 00 00 a4 17 02 49 3e 2c 03 49 17 03 
(SID:00000110) IN  079a: 00 00 da 45 02 49 b0 45 03 49 e2 02 
(SID:00000110) IN  079a: 00 00 c2 2b 02 49 31 20 03 49 d3 02 
(SID:00000110) IN  079a: 00 00 d1 21 02 49 35 2e 03 49 a9 02 
(SID:00000110) IN  079a: 60 00 a3 1e 02 49 7a 32 03 49 70 02 
(SID:00000110) IN  079a: 60 00 a3 1e 02 49 7a 32 03 49 6b 02 
(SID:00000110) IN  079a: 60 00 a3 1e 02 49 7a 32 03 49 f5 02 
(SID:00000110) IN  079a: 60 00 a3 1e 02 49 7a 32 03 49 f6 02 
(SID:00000110) IN  0730: 03 00 d7 61 bd d7 
(SID:00000110) IN  079a: 60 00 a3 1e 02 49 7a 32 03 49 f6 02 
(SID:00000110) IN  0730: 03 00 d7 61 bd d7 
(SID:00000110) IN  079a: 5f 00 ae 5d 02 49 2c b3 03 49 f7 02 
(SID:00000110) IN  079a: 5f 00 ae 5d 02 49 2c b3 03 49 c4 02 
(SID:00000110) IN  079a: 5f 00 ae 5d 02 49 2c b3 03 49 c4 02 
(SID:00000110) IN  0730: 03 00 d7 61 bd d7 
(SID:00000110) IN  079a: 00 00 bb 73 02 49 20 9a 03 49 c3 02 
(SID:00000110) IN  079a: 00 00 12 99 02 49 bb 7b 03 49 e3 02 
(SID:00000110) IN  079a: 00 00 c1 b5 02 49 ba 4a 03 49 ed 02 
(SID:00000110) IN  0707: 
(SID:00000022) IN  0703: 
(SID:00000022) IN  0708: 30 39 38 66 36 62 63 64 34 36 32 31 64 33 37 33 63 61 64 65 34 65 38 33 32 36 32 37 62 34 66 36 74 65 73 74 00 
(SID:00000022) IN  0704: 02 00 00 00 
(SID:00000022) IN  070a: 02 00 00 00 03 
(SID:00000023) IN  070b: 02 00 00 00 30 39 38 66 36 62 63 64 34 36 32 31 64 33 37 33 63 61 64 65 34 65 38 33 32 36 32 37 62 34 66 36 
(SID:00000023) IN  0712: 
(SID:00000023) IN  0715: 00 00 00 74 65 73 74 00 
(SID:00000110) IN  070b: 02 00 00 00 30 39 38 66 36 62 63 64 34 36 32 31 64 33 37 33 63 61 64 65 34 65 38 33 32 36 32 37 62 34 66 36 
(SID:00000023) IN  07e0: 08 
(SID:00000023) IN  07e0: 0f 0d 00 00 00 
(SID:00000023) IN  07e5: 03 
(SID:00000110) IN  0753: 01 0d 00 
(SID:00000110) IN  0783: 2f 68 65 6c 70 00 
(SID:00000110) IN  0783: 2f 77 68 6f 00 
(SID:00000110) IN  0783: 2f 74 65 6c 65 00 
(SID:00000110) IN  0783: 2f 74 65 6c 00 
(SID:00000110) IN  0783: 2f 74 65 6c 65 00 
(SID:00000110) IN  0783: 2f 68 65 6c 70 20 74 65 6c 65 00 
(SID:00000110) IN  0783: 2f 74 65 6c 65 20 30 20 30 20 30 00 
(SID:00000023) IN  0712: 
(SID:00000023) IN  0715: 00 74 65 74 65 73 74 00 
(SID:00000022) IN  0703: 
(SID:00000022) IN  0708: 30 39 38 66 36 62 63 64 34 36 32 31 64 33 37 33 63 61 64 65 34 65 38 33 32 36 32 37 62 34 66 36 74 65 73 74 00 
(SID:00000022) IN  0704: 02 00 00 00 
(SID:00000022) IN  070a: 02 00 00 00 03 
(SID:00000023) IN  070b: 02 00 00 00 30 39 38 66 36 62 63 64 34 36 32 31 64 33 37 33 63 61 64 65 34 65 38 33 32 36 32 37 62 34 66 36 
(SID:00000023) IN  0712: 
(SID:00000023) IN  0715: 00 00 00 74 65 73 74 00 
(SID:00000110) IN  070b: 02 00 00 00 30 39 38 66 36 62 63 64 34 36 32 31 64 33 37 33 63 61 64 65 34 65 38 33 32 36 32 37 62 34 66 36 
(SID:00000023) IN  07e0: 08 
(SID:00000110) IN  0753: 01 0d 00 
(SID:00000023) IN  07e0: 0f 0d 00 00 00 
(SID:00000023) IN  07e5: 03 
(SID:00000110) IN  0783: 2f 67 6f 74 6f 6d 61 70 20 31 00 
(SID:00000110) IN  0753: 00 67 6f 
(SID:00000110) IN  079a: 00 00 2f ba 00 49 a2 61 fa 48 c8 02 
(SID:00000110) IN  079a: 00 00 6f 53 00 49 0c ec fb 48 14 02 
(SID:00000110) IN  079a: 00 00 6f 53 00 49 0c ec fb 48 14 02 
(SID:00000110) IN  0783: 2f 63 6c 61 73 73 20 32 32 32 20 74 65 73 74 00 
(SID:00000110) IN  079a: 00 00 5d 4e 00 49 ec b1 fb 48 91 01 
(SID:00000110) IN  079a: 00 00 5d 4e 00 49 ec b1 fb 48 91 01 
(SID:00000110) IN  0783: 2f 63 6c 61 73 73 20 32 32 32 20 74 65 73 74 00 
(SID:00000110) IN  0783: 2f 73 74 61 74 20 73 74 72 20 33 30 30 00 
(SID:00000110) IN  0783: 2f 73 74 61 74 20 69 6e 74 20 33 30 30 00 
(SID:00000110) IN  0783: 2f 6c 65 76 65 6c 20 32 35 30 20 74 65 73 74 00 
(SID:00000110) IN  079a: 00 00 72 50 00 49 e2 64 fb 48 92 01 
(SID:00000110) IN  0783: 2f 73 74 61 74 20 64 65 78 20 33 30 30 00 
(SID:00000110) IN  079a: 00 00 37 0a 00 49 0b bc fa 48 8f 01 
(SID:00000110) IN  079a: 00 00 05 1c 00 49 cd af fa 48 80 01 
(SID:00000110) IN  079a: 00 00 cb 0e 00 49 cd 7e fa 48 2a 01 
(SID:00000110) IN  0783: 2f 73 74 61 74 20 63 6f 6e 20 33 30 30 00 
(SID:00000110) IN  0783: 2f 73 74 61 74 20 73 65 6e 20 33 30 30 00 
(SID:00000110) IN  0783: 2f 73 74 61 74 20 63 68 61 20 33 30 30 00 
(SID:00000110) IN  079a: 00 00 9f 12 00 49 f6 92 fa 48 fe 00 
(SID:00000110) IN  079a: 00 00 1e 0d 00 49 ba 77 fa 48 f7 00 
(SID:00000110) IN  079a: 00 00 45 ea ff 48 4c 98 fa 48 01 01 
(SID:00000110) IN  079a: 00 00 0b 09 00 49 6f c9 fa 48 14 01 
(SID:00000110) IN  079a: 00 00 30 18 00 49 c8 a7 fa 48 11 01 
(SID:00000110) IN  079a: 00 00 82 09 00 49 4f 7a fa 48 02 01 
(SID:00000110) IN  0700: 
(SID:00000110) IN  0783: 2f 68 65 61 64 73 69 7a 65 20 33 00 
(SID:00000110) IN  0783: 2f 63 6c 61 73 73 20 74 65 73 74 20 32 32 32 00 
(SID:00000110) IN  079a: 00 00 4a dd ff 48 6c 96 fa 48 07 01 
(SID:00000110) IN  079a: 00 00 11 d6 ff 48 c5 a9 fa 48 16 01 
(SID:00000110) IN  079a: 00 00 a4 0c 00 49 c3 a0 fa 48 22 01 
(SID:00000110) IN  079a: 00 00 01 f2 ff 48 6a b6 fa 48 00 01 
(SID:00000110) IN  079a: 00 00 3e a6 ff 48 31 99 fa 48 12 01 
(SID:00000110) IN  079a: 00 00 1d 7d fe 48 37 ea f9 48 32 01 
(SID:00000110) IN  079a: 00 00 43 1e ff 48 c3 3d fa 48 8f 01 
(SID:00000110) IN  079a: 0d 00 93 c3 fe 48 a6 a8 f9 48 90 01 
(SID:00000110) IN  079a: 0d 00 93 c3 fe 48 ac a8 f9 48 90 01 
(SID:00000110) IN  079a: 00 00 ad 76 fe 48 c5 db f9 48 90 01 
(SID:00000110) IN  079a: 0c 00 b9 55 fe 48 eb a6 f9 48 98 01 
(SID:00000110) IN  079a: 0c 00 b6 55 fe 48 5d a6 f9 48 a3 01 
(SID:00000110) IN  079a: 00 00 66 15 ff 48 92 d0 fa 48 a3 01 
(SID:00000110) IN  0783: 2f 66 61 69 72 79 6d 6f 64 65 20 31 00 
(SID:00000110) IN  0783: 2f 67 69 76 65 66 61 69 72 79 20 74 65 73 74 20 31 00 
(SID:00000110) IN  079a: 00 00 6c 8d ff 48 da d9 fa 48 3d 01 
(SID:00000110) IN  079a: 00 00 79 2e 00 49 a8 92 fa 48 4f 01 
(SID:00000110) IN  079a: 00 00 64 5b 00 49 b3 d6 f9 48 19 01 
(SID:00000110) IN  079a: 00 00 f4 67 00 49 c6 f9 f8 48 0c 01 
(SID:00000110) IN  079a: 00 00 2e bd 00 49 7f c1 f5 48 69 01 
(SID:00000110) IN  079a: 00 00 2e bd 00 49 7f c1 f5 48 69 01 
(SID:00000110) IN  079a: 00 00 6e a7 00 49 50 32 f6 48 89 01 
(SID:00000110) IN  079a: 00 00 12 54 00 49 c6 9b f5 48 0a 01 
(SID:00000110) IN  079a: 00 00 6d 01 00 49 0c 94 f4 48 b6 ff 
(SID:00000110) IN  079a: 00 00 6d 01 00 49 0c 94 f4 48 b6 ff 
(SID:00000110) IN  07a8: 15 00 
(SID:00000110) IN  071c: 
(SID:00000110) IN  0707: 
(SID:00000022) IN  0703: 
(SID:00000022) IN  0708: 30 39 38 66 36 62 63 64 34 36 32 31 64 33 37 33 63 61 64 65 34 65 38 33 32 36 32 37 62 34 66 36 74 65 73 74 00 
(SID:00000022) IN  0704: 02 00 00 00 
(SID:00000022) IN  070a: 02 00 00 00 03 
(SID:00000023) IN  070b: 02 00 00 00 30 39 38 66 36 62 63 64 34 36 32 31 64 33 37 33 63 61 64 65 34 65 38 33 32 36 32 37 62 34 66 36 
(SID:00000023) IN  0712: 
(SID:00000023) IN  0715: 00 00 00 74 65 73 74 00 
(SID:00000110) IN  070b: 02 00 00 00 30 39 38 66 36 62 63 64 34 36 32 31 64 33 37 33 63 61 64 65 34 65 38 33 32 36 32 37 62 34 66 36 
(SID:00000023) IN  07e0: 08 
(SID:00000110) IN  0753: 00 fa 00 
(SID:00000023) IN  07e0: 0f fa 00 00 00 
(SID:00000023) IN  07e5: 03 
(SID:00000110) IN  079a: 00 00 be 2c ff 48 41 c5 fa 48 4f 01 
(SID:00000110) IN  079a: 00 00 61 45 00 49 3e a1 fa 48 42 01 
(SID:00000110) IN  079a: 00 00 67 62 00 49 c7 3f fa 48 03 01 
(SID:00000110) IN  079a: 00 00 e5 76 00 49 66 96 f9 48 db 00 
(SID:00000110) IN  079a: 00 00 76 79 00 49 97 9f f8 48 0d 01 
(SID:00000110) IN  079a: 00 00 c8 8c 00 49 98 66 f6 48 46 01 
(SID:00000110) IN  079a: 00 00 c1 0c 00 49 3c 8f f4 48 90 01 
(SID:00000110) IN  079a: 00 00 c1 0c 00 49 3c 8f f4 48 90 01 
(SID:00000110) IN  07a8: 15 00 
(SID:00000110) IN  0707: 
(SID:00000022) IN  0703: 
(SID:00000022) IN  0708: 30 39 38 66 36 62 63 64 34 36 32 31 64 33 37 33 63 61 64 65 34 65 38 33 32 36 32 37 62 34 66 36 74 65 73 74 00 
(SID:00000022) IN  0704: 02 00 00 00 
(SID:00000022) IN  070a: 02 00 00 00 03 
(SID:00000023) IN  070b: 02 00 00 00 30 39 38 66 36 62 63 64 34 36 32 31 64 33 37 33 63 61 64 65 34 65 38 33 32 36 32 37 62 34 66 36 
(SID:00000023) IN  0712: 
(SID:00000023) IN  0715: 00 00 00 74 65 73 74 00 
(SID:00000110) IN  070b: 02 00 00 00 30 39 38 66 36 62 63 64 34 36 32 31 64 33 37 33 63 61 64 65 34 65 38 33 32 36 32 37 62 34 66 36 
(SID:00000023) IN  07e0: 08 
(SID:00000110) IN  0753: 00 fa 00 
(SID:00000023) IN  07e0: 0f fa 00 00 00 
(SID:00000023) IN  07e5: 03 
(SID:00000110) IN  0783: 2f 67 6f 74 6f 6d 61 70 20 32 32 00 
(SID:00000110) IN  0753: 00 67 6f 
(SID:00000110) IN  079a: 00 00 75 41 0c 49 42 8f f9 48 2f 01 
(SID:00000110) IN  079a: 00 00 2b 2d 0c 49 72 dc f9 48 8f 01 
(SID:00000110) IN  079a: 00 00 57 9e 0b 49 1c 24 fd 48 ee 01 
(SID:00000110) IN  079a: 00 00 48 91 0c 49 6c dd fa 48 34 02 
(SID:00000110) IN  079a: 00 00 48 91 0c 49 6c dd fa 48 34 02 
(SID:00000110) IN  079a: 00 00 3c 4d 0c 49 ce d2 f9 48 3c 02 
(SID:00000110) IN  079a: 00 00 be 5b 0c 49 1a 1e fa 48 0a 02 
(SID:00000110) IN  079a: 00 00 31 4c 0c 49 44 56 fa 48 07 02 
(SID:00000110) IN  079a: 00 00 ae ef 0b 49 c5 e8 fb 48 bf 01 
(SID:00000110) IN  079a: 00 00 06 e3 0b 49 b2 d9 fd 48 2a 01 
(SID:00000110) IN  079a: 00 00 02 b3 0b 49 67 06 ff 48 3f 00 
(SID:00000110) IN  079a: 00 00 60 15 0d 49 b3 74 ff 48 5c 00 
(SID:00000110) IN  079a: 00 00 60 15 0d 49 b3 74 ff 48 5c 00 
(SID:00000110) IN  079a: 00 00 d0 3c 0d 49 06 65 ff 48 62 00 
(SID:00000110) IN  079a: 00 00 4c 3d 0d 49 c3 76 ff 48 6d 00 
(SID:00000110) IN  079a: 00 00 4c 3d 0d 49 c3 76 ff 48 6d 00 
(SID:00000110) IN  079a: 00 00 38 8c 0e 49 ca 14 00 49 66 00 
(SID:00000110) IN  079a: 00 00 38 8c 0e 49 ca 14 00 49 66 00 
(SID:00000110) IN  079a: 00 00 af 7e 0e 49 f6 12 00 49 35 00 
(SID:00000110) IN  079a: 00 00 af 7e 0e 49 f6 12 00 49 35 00 
(SID:00000110) IN  079a: 00 00 de 5c 0e 49 40 e9 ff 48 ed ff 
(SID:00000110) IN  079a: 00 00 38 aa 0e 49 45 70 00 49 f4 ff 
(SID:00000110) IN  079a: 00 00 38 aa 0e 49 45 70 00 49 f4 ff 
(SID:00000110) IN  079a: 00 00 7b c4 0e 49 f0 a4 00 49 66 01 
(SID:00000110) IN  079a: 00 00 7b c4 0e 49 f0 a4 00 49 66 01 
(SID:00000110) IN  079a: 00 00 33 11 0f 49 bc ce 00 49 ac 01 
(SID:00000110) IN  079a: 00 00 33 11 0f 49 bc ce 00 49 ac 01 
(SID:00000110) IN  079a: 00 00 ec 73 0f 49 9f 9e 00 49 a1 01 
(SID:00000110) IN  079a: 00 00 ec 73 0f 49 9f 9e 00 49 a1 01 
(SID:00000110) IN  079a: 00 00 8b 73 0f 49 93 8e 00 49 8e 01 
(SID:00000110) IN  079a: 00 00 8b 73 0f 49 93 8e 00 49 8e 01 
(SID:00000110) IN  079a: 00 00 27 80 0f 49 4d 81 00 49 84 01 
(SID:00000110) IN  079a: 00 00 27 80 0f 49 4d 81 00 49 84 01 
(SID:00000110) IN  079a: 6a 00 0c 9d 0f 49 76 7f 00 49 a5 01 
(SID:00000110) IN  079a: 6a 00 01 9d 0f 49 60 7f 00 49 b0 01 
(SID:00000110) IN  0730: 03 00 85 57 dc 78 
(SID:00000110) IN  079a: 00 00 8f 1c 0f 49 82 96 00 49 d3 01 
(SID:00000110) IN  079a: 00 00 8f 1c 0f 49 82 96 00 49 d3 01 
(SID:00000110) IN  079a: 00 00 8d 5d 0e 49 e3 aa 00 49 d3 01 
(SID:00000110) IN  079a: 00 00 8d 5d 0e 49 e3 aa 00 49 d3 01 
(SID:00000110) IN  079a: 00 00 07 e5 0b 49 20 93 00 49 ca 01 
(SID:00000110) IN  0783: 2f 67 6f 74 6f 6d 61 70 20 31 00 
(SID:00000110) IN  0753: 00 67 6f 
(SID:00000110) IN  079a: 00 00 0d 17 00 49 de 9c fc 48 c8 02 
(SID:00000110) IN  079a: 00 00 0d 17 00 49 de 9c fc 48 c8 02 
(SID:00000110) IN  079a: 00 00 b3 cd ff 48 bf 20 fd 48 c8 02 
(SID:00000110) IN  079a: 00 00 b3 cd ff 48 bf 20 fd 48 c8 02 
(SID:00000110) IN  079a: 00 00 7f b1 ff 48 ee d9 fc 48 c8 02 
(SID:00000110) IN  079a: 00 00 7f b1 ff 48 ee d9 fc 48 c8 02 
(SID:00000110) IN  079a: 00 00 e7 65 ff 48 a0 10 fc 48 c8 02 
(SID:00000110) IN  079a: 00 00 58 88 ff 48 bb a8 fb 48 90 01 
(SID:00000110) IN  079a: 00 00 58 88 ff 48 bb a8 fb 48 90 01 
(SID:00000110) IN  079a: 00 00 25 1d ff 48 08 83 fa 48 97 01 
(SID:00000110) IN  079a: 00 00 87 92 fe 48 fa 00 fa 48 4b 01 
(SID:00000110) IN  079a: 0c 00 b6 55 fe 48 47 a6 f9 48 53 01 
(SID:00000110) IN  079a: 0c 00 b8 55 fe 48 6d a6 f9 48 5d 01 
(SID:00000110) IN  079a: 00 00 a5 8e fe 48 b8 f4 f9 48 a2 01 
(SID:00000110) IN  0783: 2f 67 6f 74 6f 6d 61 70 20 32 32 00 
(SID:00000110) IN  0753: 00 67 6f 
(SID:00000110) IN  079a: 00 00 92 06 0d 49 fa 77 f9 48 2e 01 
(SID:00000110) IN  079a: 00 00 92 06 0d 49 fa 77 f9 48 2e 01 
(SID:00000110) IN  079a: 00 00 cd f3 0d 49 c0 ef fb 48 24 01 
(SID:00000110) IN  079a: 00 00 30 e1 0d 49 51 0d fc 48 c4 ff 
(SID:00000110) IN  079a: 00 00 56 67 0e 49 82 7f ff 48 bd ff 
(SID:00000110) IN  079a: 00 00 ff 89 0e 49 01 0b 00 49 ac ff 
(SID:00000110) IN  079a: 00 00 ff 89 0e 49 01 0b 00 49 ac ff 
(SID:00000110) IN  079a: 00 00 1f 98 0e 49 e3 27 00 49 b3 ff 
(SID:00000110) IN  079a: 00 00 1f 98 0e 49 e3 27 00 49 b3 ff 
(SID:00000110) IN  07a5: 02 00 0c 00 
(SID:00000110) IN  079a: 00 00 9d a2 0e 49 4a 4f 00 49 c4 ff 
(SID:00000110) IN  079a: 00 00 9d a2 0e 49 4a 4f 00 49 c4 ff 
(SID:00000110) IN  079a: 00 00 47 aa 0e 49 5c 7d 00 49 e5 ff 
(SID:00000110) IN  079a: 00 00 47 aa 0e 49 5c 7d 00 49 e5 ff 
(SID:00000110) IN  079a: 00 00 18 c8 0e 49 ef a8 00 49 f9 00 
(SID:00000110) IN  079a: 00 00 18 c8 0e 49 ef a8 00 49 f9 00 
(SID:00000110) IN  079a: 00 00 be 4d 0f 49 d0 9b 00 49 bd 01 
(SID:00000110) IN  079a: 00 00 be 4d 0f 49 d0 9b 00 49 bd 01 
(SID:00000110) IN  079a: 00 00 e9 81 0f 49 90 83 00 49 8c 01 
(SID:00000110) IN  079a: 00 00 e9 81 0f 49 90 83 00 49 8c 01 
(SID:00000110) IN  079a: 6a 00 20 9d 0f 49 a0 7f 00 49 d3 01 
(SID:00000110) IN  079a: 6a 00 15 9d 0f 49 8b 7f 00 49 d3 01 
(SID:00000110) IN  0730: 03 00 85 57 dc 78 
(SID:00000110) IN  079a: 6a 00 06 9d 0f 49 6d 7f 00 49 d3 01 
(SID:00000110) IN  0730: 03 00 85 57 dc 78 
(SID:00000110) IN  079a: 00 00 3f 7c 0f 49 a6 82 00 49 d3 01 
(SID:00000110) IN  079a: 00 00 3f 7c 0f 49 a6 82 00 49 d3 01 
(SID:00000110) IN  0700: 
(SID:00000110) IN  079a: 6a 00 05 9d 0f 49 6b 7f 00 49 d3 01 
(SID:00000110) IN  0730: 03 00 85 57 dc 78 
(SID:00000110) IN  079a: 00 00 5d 84 0f 49 1c 7f 00 49 d3 01 
(SID:00000110) IN  079a: 00 00 5d 84 0f 49 1c 7f 00 49 d3 01 
(SID:00000110) IN  079a: 00 00 f4 64 0f 49 2b 83 00 49 d3 01 
(SID:00000110) IN  079a: 00 00 f4 64 0f 49 2b 83 00 49 d3 01 
(SID:00000110) IN  079a: 00 00 54 45 0e 49 a5 c6 00 49 d3 01 
(SID:00000110) IN  079a: 00 00 54 45 0e 49 a5 c6 00 49 d3 01 
(SID:00000110) IN  079a: 00 00 27 b7 0d 49 f7 93 00 49 fb 01 
(SID:00000110) IN  079a: 00 00 27 b7 0d 49 f7 93 00 49 fb 01 
(SID:00000110) IN  079a: 00 00 cd 2f 0d 49 b5 9a 00 49 1b 02 
(SID:00000110) IN  079a: 00 00 cd 2f 0d 49 b5 9a 00 49 1b 02 
(SID:00000110) IN  079a: 00 00 cb f5 0a 49 98 c3 00 49 f1 01 
(SID:00000110) IN  079a: 00 00 8e f9 0a 49 b6 d6 00 49 f1 01 
(SID:00000110) IN  079a: 00 00 96 24 0a 49 98 2d 01 49 5b 02 
(SID:00000110) IN  0798: 91 13 
(SID:00000110) IN  079a: dd 5a e0 46 0a 49 76 f5 00 49 15 03 
(SID:00000110) IN  07a7: dd 5a 
(SID:00000110) IN  079a: 00 00 69 25 0a 49 5a 03 01 49 16 03 
(SID:00000110) IN  0798: cc 13 
(SID:00000110) IN  079a: de 5a 8c c5 09 49 0e 37 01 49 f3 02 
(SID:00000110) IN  07a7: de 5a 
(SID:00000110) IN  079a: 00 00 cf ea 08 49 28 7f 01 49 03 03 
(SID:00000110) IN  079a: 00 00 8f 7e 07 49 3a 61 02 49 de 02 
(SID:00000110) IN  079a: 00 00 7a 2d 07 49 f4 96 02 49 34 01 
(SID:00000110) IN  079a: 00 00 7a 2d 07 49 f4 96 02 49 34 01 
(SID:00000110) IN  079a: 00 00 4c f0 05 49 0a 42 03 49 21 01 
(SID:00000110) IN  079a: 00 00 cd 7c 04 49 42 36 03 49 23 01 
(SID:00000110) IN  079a: 00 00 cd 7c 04 49 42 36 03 49 23 01 
(SID:00000110) IN  0783: 2f 63 6c 61 73 73 20 32 32 32 00 
(SID:00000110) IN  079a: 00 00 74 25 02 49 07 57 03 49 57 02 
(SID:00000110) IN  079a: 00 00 74 25 02 49 07 57 03 49 57 02 
(SID:00000110) IN  079a: 00 00 4f 9e 02 49 29 27 03 49 f4 01 
(SID:00000110) IN  079a: 00 00 6d ac 02 49 fa 25 03 49 15 03 
(SID:00000110) IN  079a: 00 00 76 22 01 49 92 f0 02 49 ee 02 
(SID:00000110) IN  0783: 2f 73 65 74 63 6c 61 73 73 20 32 32 32 00 
(SID:00000110) IN  0783: 2f 63 6c 61 73 73 20 74 65 73 74 00 
(SID:00000110) IN  0783: 2f 63 6c 61 73 73 00 
(SID:00000110) IN  079a: 00 00 57 1f 00 49 80 cc 02 49 65 00 
(SID:00000110) IN  079a: 00 00 33 5b ff 48 dc d9 02 49 6a 00 
(SID:00000110) IN  0707: 
(SID:00000022) IN  0703: 
(SID:00000022) IN  0708: 30 39 38 66 36 62 63 64 34 36 32 31 64 33 37 33 63 61 64 65 34 65 38 33 32 36 32 37 62 34 66 36 74 65 73 74 00 
(SID:00000022) IN  0704: 02 00 00 00 
(SID:00000022) IN  070a: 02 00 00 00 03 
(SID:00000023) IN  070b: 02 00 00 00 30 39 38 66 36 62 63 64 34 36 32 31 64 33 37 33 63 61 64 65 34 65 38 33 32 36 32 37 62 34 66 36 
(SID:00000023) IN  0712: 
(SID:00000023) IN  0715: 00 00 00 74 65 73 74 00 
(SID:00000110) IN  070b: 02 00 00 00 30 39 38 66 36 62 63 64 34 36 32 31 64 33 37 33 63 61 64 65 34 65 38 33 32 36 32 37 62 34 66 36 
(SID:00000023) IN  07e0: 08 
(SID:00000023) IN  07e0: 0f fa 00 00 00 
(SID:00000023) IN  07e5: 03 
(SID:00000110) IN  0753: 00 fa 00 
(SID:00000110) IN  079a: 00 00 d3 4d 0c 49 07 85 f9 48 2f 01 
(SID:00000110) IN  079a: 00 00 1e e4 0b 49 59 19 fe 48 8f 01 
(SID:00000110) IN  079a: 00 00 01 b5 0c 49 76 d7 fe 48 d8 00 
(SID:00000110) IN  079a: 00 00 b3 94 0c 49 bd 6c fe 48 dc 00 
(SID:00000110) IN  079a: 00 00 7a 49 0e 49 ce d5 ff 48 8c 00 
(SID:00000110) IN  0700: 
(SID:00000110) IN  079a: 00 00 38 07 0f 49 38 23 00 49 e2 ff 
(SID:00000110) IN  079a: 00 00 54 9c 0e 49 19 68 00 49 ec ff 
(SID:00000110) IN  079a: 00 00 54 9c 0e 49 19 68 00 49 ec ff 
(SID:00000110) IN  079a: 00 00 45 c5 0e 49 fe 99 00 49 8a 01 
(SID:00000110) IN  079a: 00 00 45 c5 0e 49 fe 99 00 49 8a 01 
(SID:00000110) IN  079a: 00 00 94 41 0f 49 6d b0 00 49 ca 01 
(SID:00000110) IN  079a: 00 00 94 41 0f 49 6d b0 00 49 ca 01 
(SID:00000110) IN  079a: 00 00 8f 5d 0f 49 5d 91 00 49 92 01 
(SID:00000110) IN  079a: 00 00 8f 5d 0f 49 5d 91 00 49 92 01 
(SID:00000110) IN  079a: 00 00 ee 69 0f 49 5c 89 00 49 83 01 
(SID:00000110) IN  079a: 00 00 ee 69 0f 49 5c 89 00 49 83 01 
(SID:00000110) IN  079a: 00 00 88 7f 0f 49 32 86 00 49 84 01 
(SID:00000110) IN  079a: 00 00 88 7f 0f 49 32 86 00 49 84 01 
(SID:00000110) IN  079a: 00 00 48 d7 0e 49 be a8 00 49 d3 01 
(SID:00000110) IN  079a: 00 00 48 d7 0e 49 be a8 00 49 d3 01 
(SID:00000110) IN  079a: 00 00 e3 d7 0d 49 9b b6 00 49 8f 01 
(SID:00000110) IN  079a: 00 00 e3 d7 0d 49 9b b6 00 49 8f 01 
(SID:00000110) IN  079a: 00 00 ee 89 0d 49 5d c4 00 49 fd 01 
(SID:00000110) IN  079a: 00 00 ee 89 0d 49 5d c4 00 49 fd 01 
(SID:00000110) IN  079a: 6d 00 14 84 0d 49 c2 db 00 49 f1 01 
(SID:00000110) IN  079a: 6d 00 1a 84 0d 49 c4 db 00 49 f1 01 
(SID:00000110) IN  07a1: 6d 00 01 00 79 4b 1f 0c 00 03 01 00 
(SID:00000110) IN  079a: 00 00 f4 46 0d 49 de c3 00 49 f1 01 
(SID:00000110) IN  079a: 00 00 f4 46 0d 49 de c3 00 49 f1 01 
(SID:00000110) IN  079a: 6c 00 ec 1a 0d 49 67 d3 00 49 f1 01 
(SID:00000110) IN  079a: 6c 00 ed 1a 0d 49 66 d3 00 49 f1 01 
(SID:00000110) IN  079a: 00 00 0a 54 0d 49 52 d0 00 49 f1 01 
(SID:00000110) IN  079a: 00 00 0a 54 0d 49 52 d0 00 49 f1 01 
(SID:00000110) IN  079a: 00 00 f5 fe 0d 49 f1 9c 00 49 f1 01 
(SID:00000110) IN  079a: 00 00 f5 fe 0d 49 f1 9c 00 49 f1 01 
(SID:00000110) IN  0700: 
(SID:00000110) IN  079a: 00 00 7d 84 0e 49 ad bc 00 49 f1 01 
(SID:00000110) IN  079a: 00 00 7d 84 0e 49 ad bc 00 49 f1 01 
(SID:00000110) IN  079a: 00 00 da c6 0e 49 0a a6 00 49 f1 01 
(SID:00000110) IN  079a: 00 00 da c6 0e 49 0a a6 00 49 f1 01 
(SID:00000110) IN  079a: 00 00 46 5c 0f 49 32 8d 00 49 cc 01 
(SID:00000110) IN  079a: 00 00 46 5c 0f 49 32 8d 00 49 cc 01 
(SID:00000110) IN  0783: 2f 63 6c 61 73 73 00 
(SID:00000110) IN  0783: 2f 63 6c 61 73 73 20 32 32 32 00 
(SID:00000110) IN  0783: 2f 63 6c 61 73 73 20 32 32 32 20 74 65 73 74 00 
(SID:00000110) IN  0783: 2f 63 6c 61 73 73 20 32 32 31 00 
(SID:00000110) IN  0783: 2f 63 6c 61 73 73 20 32 31 31 00 
(SID:00000110) IN  0783: 2f 63 6c 61 73 73 20 31 31 31 20 74 65 73 74 00 
(SID:00000110) IN  0783: 2f 6c 65 76 65 6c 20 32 30 30 00 
(SID:00000110) IN  079a: 00 00 e1 3b 0f 49 02 95 00 49 d3 01 
(SID:00000110) IN  079a: 00 00 e1 3b 0f 49 02 95 00 49 d3 01 
(SID:00000110) IN  0783: 2f 6c 65 76 65 6c 20 2d 35 30 00 
(SID:00000110) IN  079a: 00 00 e8 21 0f 49 21 9c 00 49 bf 01 
(SID:00000110) IN  079a: 00 00 e8 21 0f 49 21 9c 00 49 bf 01 
(SID:00000110) IN  079a: 00 00 d8 0e 0f 49 fe 9f 00 49 9d 01 
(SID:00000110) IN  079a: 00 00 d8 0e 0f 49 fe 9f 00 49 9d 01 
(SID:00000110) IN  079a: 00 00 92 ff 0e 49 46 a4 00 49 8d 01 
(SID:00000110) IN  079a: 00 00 92 ff 0e 49 46 a4 00 49 8d 01 
(SID:00000110) IN  0783: 2f 63 6c 61 73 73 20 31 31 31 00 
(SID:00000110) IN  0783: 2f 63 6c 61 73 73 20 31 31 31 20 74 65 73 74 00 
(SID:00000110) IN  0707: 
(SID:00000022) IN  0703: 
(SID:00000022) IN  0708: 30 39 38 66 36 62 63 64 34 36 32 31 64 33 37 33 63 61 64 65 34 65 38 33 32 36 32 37 62 34 66 36 74 65 73 74 00 
(SID:00000022) IN  0704: 02 00 00 00 
(SID:00000022) IN  070a: 02 00 00 00 03 
(SID:00000023) IN  070b: 02 00 00 00 30 39 38 66 36 62 63 64 34 36 32 31 64 33 37 33 63 61 64 65 34 65 38 33 32 36 32 37 62 34 66 36 
(SID:00000023) IN  0712: 
(SID:00000023) IN  0715: 00 00 00 74 65 73 74 00 
(SID:00000110) IN  070b: 02 00 00 00 30 39 38 66 36 62 63 64 34 36 32 31 64 33 37 33 63 61 64 65 34 65 38 33 32 36 32 37 62 34 66 36 
(SID:00000023) IN  07e0: 08 
(SID:00000023) IN  07e0: 0f c8 00 00 00 
(SID:00000023) IN  07e5: 03 
(SID:00000110) IN  0753: 01 c8 00 
(SID:00000110) IN  079a: 00 00 5e 44 0c 49 2d 80 f9 48 2f 01 
(SID:00000110) IN  0707: 
